2026-02-12 11:23:52,906 [INFO] ============================================================
2026-02-12 11:23:52,906 [INFO] AI Pulse fetch starting — 2026-02-12 12:23 CET
2026-02-12 11:23:52,906 [INFO] Slot: Morning Brief — 07:00 CET
2026-02-12 11:23:52,906 [INFO] ============================================================
2026-02-12 11:23:52,906 [INFO] Fetching RSS feeds...
2026-02-12 11:23:52,906 [INFO]   Fetching The Verge...
2026-02-12 11:23:53,039 [INFO]     → 10 relevant articles
2026-02-12 11:23:53,039 [INFO]   Fetching TechCrunch...
2026-02-12 11:23:53,109 [INFO]     → 10 relevant articles
2026-02-12 11:23:53,110 [INFO]   Fetching Ars Technica...
2026-02-12 11:23:53,469 [INFO]     → 8 relevant articles
2026-02-12 11:23:53,469 [INFO]   Fetching MIT Tech Review...
2026-02-12 11:23:53,578 [INFO]     → 9 relevant articles
2026-02-12 11:23:53,578 [INFO]   Fetching VentureBeat...
2026-02-12 11:23:53,921 [INFO]     → 7 relevant articles
2026-02-12 11:23:53,922 [INFO]   Fetching Wired...
2026-02-12 11:23:54,061 [INFO]     → 10 relevant articles
2026-02-12 11:23:54,061 [INFO]   Fetching Reuters...
2026-02-12 11:23:54,633 [INFO]     → 0 relevant articles
2026-02-12 11:23:54,633 [INFO]   Fetching Hacker News...
2026-02-12 11:23:55,200 [INFO]     → 10 relevant articles
2026-02-12 11:23:55,200 [INFO] Total RSS articles: 64
2026-02-12 11:23:55,201 [INFO] Summarizing 64 articles...
2026-02-12 11:24:06,139 [INFO] Fetching AI news from X/Twitter via web search...
2026-02-12 11:24:31,218 [INFO]   → 8 X posts found
2026-02-12 11:24:31,218 [INFO] New items this cycle: 26 (18 RSS + 8 X)
2026-02-12 11:24:31,219 [INFO] Saved 26 articles to /home/runner/work/ai-pulse/ai-pulse/news.json
2026-02-12 11:24:31,219 [INFO] ============================================================
2026-02-12 11:24:31,219 [INFO] Fetch complete!
2026-02-12 11:24:31,219 [INFO] ============================================================
2026-02-12 12:48:53,140 [INFO] ============================================================
2026-02-12 12:48:53,140 [INFO] AI Pulse fetch starting — 2026-02-12 13:48 CET
2026-02-12 12:48:53,140 [INFO] Slot: Afternoon Update — 13:00 CET
2026-02-12 12:48:53,140 [INFO] ============================================================
2026-02-12 12:48:53,140 [INFO] Fetching RSS feeds...
2026-02-12 12:48:53,141 [INFO]   Fetching The Verge...
2026-02-12 12:48:53,230 [INFO]     → 10 relevant articles
2026-02-12 12:48:53,230 [INFO]   Fetching TechCrunch...
2026-02-12 12:48:53,300 [INFO]     → 10 relevant articles
2026-02-12 12:48:53,300 [INFO]   Fetching Ars Technica...
2026-02-12 12:48:53,386 [INFO]     → 8 relevant articles
2026-02-12 12:48:53,386 [INFO]   Fetching MIT Tech Review...
2026-02-12 12:48:53,570 [INFO]     → 9 relevant articles
2026-02-12 12:48:53,570 [INFO]   Fetching VentureBeat...
2026-02-12 12:48:53,718 [INFO]     → 7 relevant articles
2026-02-12 12:48:53,718 [INFO]   Fetching Wired...
2026-02-12 12:48:53,776 [INFO]     → 10 relevant articles
2026-02-12 12:48:53,776 [INFO]   Fetching Reuters...
2026-02-12 12:48:54,122 [INFO]     → 0 relevant articles
2026-02-12 12:48:54,122 [INFO]   Fetching Hacker News...
2026-02-12 12:48:55,905 [INFO]     → 10 relevant articles
2026-02-12 12:48:55,905 [INFO] Total RSS articles: 64
2026-02-12 12:48:55,905 [INFO] Summarizing 64 articles...
2026-02-12 12:49:09,463 [INFO] Fetching AI news from X/Twitter via web search...
2026-02-12 12:49:33,385 [INFO]   → 8 X posts found
2026-02-12 12:49:33,386 [INFO] New items this cycle: 26 (18 RSS + 8 X)
2026-02-12 12:49:33,387 [INFO] Saved 34 articles to /home/runner/work/ai-pulse/ai-pulse/news.json
2026-02-12 12:49:33,387 [INFO] ============================================================
2026-02-12 12:49:33,387 [INFO] Fetch complete!
2026-02-12 12:49:33,387 [INFO] ============================================================
